<?xml version="1.0" encoding="UTF-8"?>
<testng-results ignored="0" total="1" passed="1" failed="0" skipped="0">
  <reporter-output>
  </reporter-output>
  <suite started-at="2023-01-29T02:04:17 GMT" name="InetBanking" finished-at="2023-01-29T02:04:45 GMT" duration-ms="27495">
    <groups>
    </groups>
    <test started-at="2023-01-29T02:04:17 GMT" name="BankingApp Test" finished-at="2023-01-29T02:04:45 GMT" duration-ms="27495">
      <class name="com.inetBanking.testcases.TC_AddCustomerTest_003">
        <test-method is-config="true" signature="setUp(java.lang.String)[pri:0, instance:com.inetBanking.testcases.TC_AddCustomerTest_003@8c3619e]" started-at="2023-01-29T02:04:17 GMT" name="setUp" finished-at="2023-01-29T02:04:22 GMT" duration-ms="4629" status="PASS">
          <params>
            <param index="0">
              <value>
                <![CDATA[chrome]]>
              </value>
            </param>
          </params>
          <reporter-output>
          </reporter-output>
        </test-method> <!-- setUp -->
        <test-method signature="addNewCustomer()[pri:0, instance:com.inetBanking.testcases.TC_AddCustomerTest_003@8c3619e]" started-at="2023-01-29T02:04:22 GMT" name="addNewCustomer" finished-at="2023-01-29T02:04:45 GMT" duration-ms="22818" status="PASS">
          <reporter-output>
          </reporter-output>
        </test-method> <!-- addNewCustomer -->
        <test-method is-config="true" signature="tearDown()[pri:0, instance:com.inetBanking.testcases.TC_AddCustomerTest_003@8c3619e]" started-at="2023-01-29T02:04:45 GMT" name="tearDown" finished-at="2023-01-29T02:04:45 GMT" duration-ms="0" status="PASS">
          <reporter-output>
          </reporter-output>
        </test-method> <!-- tearDown -->
      </class> <!-- com.inetBanking.testcases.TC_AddCustomerTest_003 -->
    </test> <!-- BankingApp Test -->
  </suite> <!-- InetBanking -->
</testng-results>
